<?xml version="1.0" encoding="UTF-8"?>
<!-- Generated by org.testng.reporters.JUnitXMLReporter -->
<testsuite ignored="0" hostname="WKWZTFAcKo4iYHw" failures="1" tests="2" name="Error Validations Test" time="38.984" errors="0" timestamp="25 Jan 2024 10:28:28 GMT">
  <testcase classname="org.tests.eCommerce_tc_2" name="FillForm_ErrorValidation" time="6.962">
    <failure type="java.lang.AssertionError" message="expected:&amp;lt;Please enter your name&amp;gt; but was:&amp;lt;Please your name&amp;gt;">
      <![CDATA[java.lang.AssertionError: expected:<Please enter your name> but was:<Please your name>
at org.tests.eCommerce_tc_2.FillForm_ErrorValidation(eCommerce_tc_2.java:49)
... Removed 27 stack frames]]>
    </failure>
  </testcase> <!-- FillForm_ErrorValidation -->
  <testcase classname="org.tests.eCommerce_tc_2" name="FillForm_PositiveFlow" time="17.038"/>
</testsuite> <!-- Error Validations Test -->
