<?xml version="1.0" encoding="UTF-8"?>
<testng-results ignored="0" total="1" passed="1" failed="0" skipped="0">
  <reporter-output>
  </reporter-output>
  <suite started-at="2024-01-25T19:05:17Z" name="Surefire suite" finished-at="2024-01-25T19:05:40Z" duration-ms="22932">
    <groups>
    </groups>
    <test started-at="2024-01-25T19:05:17Z" name="Surefire test" finished-at="2024-01-25T19:05:40Z" duration-ms="22932">
      <class name="org.tests.FirstTest">
        <test-method is-config="true" signature="setUp()[pri:0, instance:org.tests.FirstTest@19dc67c2]" started-at="2024-01-25T19:05:17Z" name="setUp" finished-at="2024-01-25T19:05:32Z" duration-ms="14379" status="PASS">
          <reporter-output>
          </reporter-output>
        </test-method> <!-- setUp -->
        <test-method signature="test()[pri:0, instance:org.tests.FirstTest@19dc67c2]" started-at="2024-01-25T19:05:32Z" name="test" finished-at="2024-01-25T19:05:39Z" duration-ms="7154" status="PASS">
          <reporter-output>
          </reporter-output>
        </test-method> <!-- test -->
        <test-method is-config="true" signature="tearDown()[pri:0, instance:org.tests.FirstTest@19dc67c2]" started-at="2024-01-25T19:05:39Z" name="tearDown" finished-at="2024-01-25T19:05:40Z" duration-ms="1381" status="PASS">
          <reporter-output>
          </reporter-output>
        </test-method> <!-- tearDown -->
      </class> <!-- org.tests.FirstTest -->
    </test> <!-- Surefire test -->
  </suite> <!-- Surefire suite -->
</testng-results>
